\o Program:		@(#)$CDS: libManager version 6.1.7 - CAT35 10/30/2018 21:08 (sjfnl050) $
\o Sub version:		sub-version  s231 
\o Arguments:		-mpssession virtuoso24833 -mpshost student04 
\o Working Directory:	student04:/escnfs/courses/fa24-cse-30342.01/dropbox/dnoronha/VLSI/boyz
\o 64-bit offsets
\o changeWorkingDir("/escnfs/courses/fa24-cse-30342.01/dropbox/dnoronha/VLSI/boyz") unnecessary.
\o ddSetForcedLib("") unnecessary.
\a nrSetWindowVisibility(cdsLibManager "show")
\o MPS service: map window
\a nrSetCurrentWindow(cdsLibManager)
\a nrResizeWindow(cdsLibManager list(244 25 1266 922))
\o Qt version: 		4.8.5
\o Log file is "/escnfs/courses/fa24-cse-30342.01/dropbox/dnoronha/VLSI/boyz/libManager.log".
\o Opening libManager window.
\o Loading customization file "./cdsLibMgr.il"
\o Loading NCSU Library Manager customizations...done.
\o Library Manager customization server connected.
\w Warning: The directory: '/escnfs/courses/fa24-cse-30342.01/dropbox/rortiz4/VLSI/boyz/lab4_boyz' does not exist
\w 	but was defined in libFile '/escnfs/courses/fa24-cse-30342.01/dropbox/dnoronha/VLSI/boyz/cds.lib' for Lib 'lab4_boyz_rortiz4'.
\w Warning: The directory: '/escnfs/courses/fa24-cse-30342.01/dropbox/nnguye24/VLSI/boyz/lab4_boyz' does not exist
\w 	but was defined in libFile '/escnfs/courses/fa24-cse-30342.01/dropbox/dnoronha/VLSI/boyz/cds.lib' for Lib 'lab4_boyz_nnguye24'.
\w Warning: The directory: '/escnfs/courses/fa24-cse-30342.01/dropbox/rortiz4/VLSI/boyz/lab3_boyz' does not exist
\w 	but was defined in libFile '/escnfs/courses/fa24-cse-30342.01/dropbox/dnoronha/VLSI/boyz/cds.lib' for Lib 'lab3_boyz_rortiz4'.
\w Warning: The directory: '/escnfs/courses/fa24-cse-30342.01/dropbox/nnguye24/VLSI/boyz/lab3_boyz' does not exist
\w 	but was defined in libFile '/escnfs/courses/fa24-cse-30342.01/dropbox/dnoronha/VLSI/boyz/cds.lib' for Lib 'lab3_boyz_nnguye24'.
\w Warning: The directory: '/escnfs/courses/fa24-cse-30342.01/dropbox/rortiz4/VLSI/boyz/hw2_dnoronha' does not exist
\w 	but was defined in libFile '/escnfs/courses/fa24-cse-30342.01/dropbox/dnoronha/VLSI/boyz/cds.lib' for Lib 'hw2_dnoronha_rortiz4'.
\w Warning: The directory: '/escnfs/courses/fa24-cse-30342.01/dropbox/rortiz4/VLSI/boyz/lab2_dnoronha' does not exist
\w 	but was defined in libFile '/escnfs/courses/fa24-cse-30342.01/dropbox/dnoronha/VLSI/boyz/cds.lib' for Lib 'lab2_dnoronha_rortiz4'.
\w Warning: The directory: '/escnfs/courses/fa24-cse-30342.01/dropbox/rortiz4/VLSI/boyz/lab1_dnoronha' does not exist
\w 	but was defined in libFile '/escnfs/courses/fa24-cse-30342.01/dropbox/dnoronha/VLSI/boyz/cds.lib' for Lib 'lab1_dnoronha_rortiz4'.
\w Warning: The directory: '/escnfs/courses/fa24-cse-30342.01/dropbox/nnguye24/VLSI/boyz/hw2_dnoronha' does not exist
\w 	but was defined in libFile '/escnfs/courses/fa24-cse-30342.01/dropbox/dnoronha/VLSI/boyz/cds.lib' for Lib 'hw2_dnoronha_nnguye24'.
\w Warning: The directory: '/escnfs/courses/fa24-cse-30342.01/dropbox/nnguye24/VLSI/boyz/lab2_dnoronha' does not exist
\w 	but was defined in libFile '/escnfs/courses/fa24-cse-30342.01/dropbox/dnoronha/VLSI/boyz/cds.lib' for Lib 'lab2_dnoronha_nnguye24'.
\w Warning: The directory: '/escnfs/courses/fa24-cse-30342.01/dropbox/nnguye24/VLSI/boyz/lab1_dnoronha' does not exist
\w 	but was defined in libFile '/escnfs/courses/fa24-cse-30342.01/dropbox/dnoronha/VLSI/boyz/cds.lib' for Lib 'lab1_dnoronha_nnguye24'.
\w Warning: The directory: '/escnfs/courses/fa24-cse-30342.01/dropbox/rortiz4/VLSI/boyz/hw2_rortiz4' does not exist
\w 	but was defined in libFile '/escnfs/courses/fa24-cse-30342.01/dropbox/dnoronha/VLSI/boyz/cds.lib' for Lib 'hw2_rortiz4_rortiz4'.
\w Warning: The directory: '/escnfs/courses/fa24-cse-30342.01/dropbox/rortiz4/VLSI/boyz/lab2_rortiz4' does not exist
\w 	but was defined in libFile '/escnfs/courses/fa24-cse-30342.01/dropbox/dnoronha/VLSI/boyz/cds.lib' for Lib 'lab2_rortiz4_rortiz4'.
\w Warning: The directory: '/escnfs/courses/fa24-cse-30342.01/dropbox/rortiz4/VLSI/boyz/lab1_rortiz4' does not exist
\w 	but was defined in libFile '/escnfs/courses/fa24-cse-30342.01/dropbox/dnoronha/VLSI/boyz/cds.lib' for Lib 'lab1_rortiz4_rortiz4'.
\w Warning: The directory: '/escnfs/courses/fa24-cse-30342.01/dropbox/nnguye24/VLSI/boyz/hw2_rortiz4' does not exist
\w 	but was defined in libFile '/escnfs/courses/fa24-cse-30342.01/dropbox/dnoronha/VLSI/boyz/cds.lib' for Lib 'hw2_rortiz4_nnguye24'.
\w Warning: The directory: '/escnfs/courses/fa24-cse-30342.01/dropbox/nnguye24/VLSI/boyz/lab2_rortiz4' does not exist
\w 	but was defined in libFile '/escnfs/courses/fa24-cse-30342.01/dropbox/dnoronha/VLSI/boyz/cds.lib' for Lib 'lab2_rortiz4_nnguye24'.
\w Warning: The directory: '/escnfs/courses/fa24-cse-30342.01/dropbox/nnguye24/VLSI/boyz/lab1_rortiz4' does not exist
\w 	but was defined in libFile '/escnfs/courses/fa24-cse-30342.01/dropbox/dnoronha/VLSI/boyz/cds.lib' for Lib 'lab1_rortiz4_nnguye24'.
\w Warning: The directory: '/escnfs/courses/fa24-cse-30342.01/dropbox/rortiz4/VLSI/boyz/hw2_nnguye24' does not exist
\w 	but was defined in libFile '/escnfs/courses/fa24-cse-30342.01/dropbox/dnoronha/VLSI/boyz/cds.lib' for Lib 'hw2_nnguye24_rortiz4'.
\w Warning: The directory: '/escnfs/courses/fa24-cse-30342.01/dropbox/rortiz4/VLSI/boyz/lab2_nnguye24' does not exist
\w 	but was defined in libFile '/escnfs/courses/fa24-cse-30342.01/dropbox/dnoronha/VLSI/boyz/cds.lib' for Lib 'lab2_nnguye24_rortiz4'.
\w Warning: The directory: '/escnfs/courses/fa24-cse-30342.01/dropbox/rortiz4/VLSI/boyz/lab1_nnguye24' does not exist
\w 	but was defined in libFile '/escnfs/courses/fa24-cse-30342.01/dropbox/dnoronha/VLSI/boyz/cds.lib' for Lib 'lab1_nnguye24_rortiz4'.
\w Warning: The directory: '/escnfs/courses/fa24-cse-30342.01/dropbox/nnguye24/VLSI/boyz/hw2_nnguye24' does not exist
\w 	but was defined in libFile '/escnfs/courses/fa24-cse-30342.01/dropbox/dnoronha/VLSI/boyz/cds.lib' for Lib 'hw2_nnguye24_nnguye24'.
\w Warning: The directory: '/escnfs/courses/fa24-cse-30342.01/dropbox/nnguye24/VLSI/boyz/lab2_nnguye24' does not exist
\w 	but was defined in libFile '/escnfs/courses/fa24-cse-30342.01/dropbox/dnoronha/VLSI/boyz/cds.lib' for Lib 'lab2_nnguye24_nnguye24'.
\w Warning: The directory: '/escnfs/courses/fa24-cse-30342.01/dropbox/nnguye24/VLSI/boyz/lab1_nnguye24' does not exist
\w 	but was defined in libFile '/escnfs/courses/fa24-cse-30342.01/dropbox/dnoronha/VLSI/boyz/cds.lib' for Lib 'lab1_nnguye24_nnguye24'.
\a cdsLibManager->libListBox->value = "lab4_boyz_dnoronha"
\a cdsLibManager->libLineEdit->value = "lab4_boyz_dnoronha"
\a cdsLibManager->cellListBox->value = "pmos_8l"
\a cdsLibManager->cellLineEdit->value = "pmos_8l"
\a cdsLibManager->viewListBox->value = "schematic"
\a cdsLibManager->viewLineEdit->value = "schematic"
\a cdsLibManager->viewListBox->value = nil
\a cdsLibManager->viewLineEdit->value = ""
\a cdsLibManager->viewListBox->value = "schematic"
\a cdsLibManager->viewLineEdit->value = "schematic"
\o MPS request: edit design
\a nrListItemAction(cdsLibManager->gdmXTView 0 0)
\a nrSetCurrentWindow(cdsLibManager)
\a cdsLibManager->libListBox->value = nil
\a cdsLibManager->libLineEdit->value = ""
\a cdsLibManager->cellListBox->value = nil
\a cdsLibManager->viewLineEdit->value = ""
\a cdsLibManager->viewListBox->value = nil
\a cdsLibManager->cellLineEdit->value = ""
\w Warning: The directory: '/escnfs/courses/fa24-cse-30342.01/dropbox/rortiz4/VLSI/boyz/lab4_boyz' does not exist
\w 	but was defined in libFile '/escnfs/courses/fa24-cse-30342.01/dropbox/dnoronha/VLSI/boyz/cds.lib' for Lib 'lab4_boyz_rortiz4'.
\w Warning: The directory: '/escnfs/courses/fa24-cse-30342.01/dropbox/nnguye24/VLSI/boyz/lab4_boyz' does not exist
\w 	but was defined in libFile '/escnfs/courses/fa24-cse-30342.01/dropbox/dnoronha/VLSI/boyz/cds.lib' for Lib 'lab4_boyz_nnguye24'.
\w Warning: The directory: '/escnfs/courses/fa24-cse-30342.01/dropbox/rortiz4/VLSI/boyz/lab3_boyz' does not exist
\w 	but was defined in libFile '/escnfs/courses/fa24-cse-30342.01/dropbox/dnoronha/VLSI/boyz/cds.lib' for Lib 'lab3_boyz_rortiz4'.
\w Warning: The directory: '/escnfs/courses/fa24-cse-30342.01/dropbox/nnguye24/VLSI/boyz/lab3_boyz' does not exist
\w 	but was defined in libFile '/escnfs/courses/fa24-cse-30342.01/dropbox/dnoronha/VLSI/boyz/cds.lib' for Lib 'lab3_boyz_nnguye24'.
\w Warning: The directory: '/escnfs/courses/fa24-cse-30342.01/dropbox/rortiz4/VLSI/boyz/hw2_dnoronha' does not exist
\w 	but was defined in libFile '/escnfs/courses/fa24-cse-30342.01/dropbox/dnoronha/VLSI/boyz/cds.lib' for Lib 'hw2_dnoronha_rortiz4'.
\w Warning: The directory: '/escnfs/courses/fa24-cse-30342.01/dropbox/rortiz4/VLSI/boyz/lab2_dnoronha' does not exist
\w 	but was defined in libFile '/escnfs/courses/fa24-cse-30342.01/dropbox/dnoronha/VLSI/boyz/cds.lib' for Lib 'lab2_dnoronha_rortiz4'.
\w Warning: The directory: '/escnfs/courses/fa24-cse-30342.01/dropbox/rortiz4/VLSI/boyz/lab1_dnoronha' does not exist
\w 	but was defined in libFile '/escnfs/courses/fa24-cse-30342.01/dropbox/dnoronha/VLSI/boyz/cds.lib' for Lib 'lab1_dnoronha_rortiz4'.
\w Warning: The directory: '/escnfs/courses/fa24-cse-30342.01/dropbox/nnguye24/VLSI/boyz/hw2_dnoronha' does not exist
\w 	but was defined in libFile '/escnfs/courses/fa24-cse-30342.01/dropbox/dnoronha/VLSI/boyz/cds.lib' for Lib 'hw2_dnoronha_nnguye24'.
\w Warning: The directory: '/escnfs/courses/fa24-cse-30342.01/dropbox/nnguye24/VLSI/boyz/lab2_dnoronha' does not exist
\w 	but was defined in libFile '/escnfs/courses/fa24-cse-30342.01/dropbox/dnoronha/VLSI/boyz/cds.lib' for Lib 'lab2_dnoronha_nnguye24'.
\w Warning: The directory: '/escnfs/courses/fa24-cse-30342.01/dropbox/nnguye24/VLSI/boyz/lab1_dnoronha' does not exist
\w 	but was defined in libFile '/escnfs/courses/fa24-cse-30342.01/dropbox/dnoronha/VLSI/boyz/cds.lib' for Lib 'lab1_dnoronha_nnguye24'.
\w Warning: The directory: '/escnfs/courses/fa24-cse-30342.01/dropbox/rortiz4/VLSI/boyz/hw2_rortiz4' does not exist
\w 	but was defined in libFile '/escnfs/courses/fa24-cse-30342.01/dropbox/dnoronha/VLSI/boyz/cds.lib' for Lib 'hw2_rortiz4_rortiz4'.
\w Warning: The directory: '/escnfs/courses/fa24-cse-30342.01/dropbox/rortiz4/VLSI/boyz/lab2_rortiz4' does not exist
\w 	but was defined in libFile '/escnfs/courses/fa24-cse-30342.01/dropbox/dnoronha/VLSI/boyz/cds.lib' for Lib 'lab2_rortiz4_rortiz4'.
\w Warning: The directory: '/escnfs/courses/fa24-cse-30342.01/dropbox/rortiz4/VLSI/boyz/lab1_rortiz4' does not exist
\w 	but was defined in libFile '/escnfs/courses/fa24-cse-30342.01/dropbox/dnoronha/VLSI/boyz/cds.lib' for Lib 'lab1_rortiz4_rortiz4'.
\w Warning: The directory: '/escnfs/courses/fa24-cse-30342.01/dropbox/nnguye24/VLSI/boyz/hw2_rortiz4' does not exist
\w 	but was defined in libFile '/escnfs/courses/fa24-cse-30342.01/dropbox/dnoronha/VLSI/boyz/cds.lib' for Lib 'hw2_rortiz4_nnguye24'.
\w Warning: The directory: '/escnfs/courses/fa24-cse-30342.01/dropbox/nnguye24/VLSI/boyz/lab2_rortiz4' does not exist
\w 	but was defined in libFile '/escnfs/courses/fa24-cse-30342.01/dropbox/dnoronha/VLSI/boyz/cds.lib' for Lib 'lab2_rortiz4_nnguye24'.
\w Warning: The directory: '/escnfs/courses/fa24-cse-30342.01/dropbox/nnguye24/VLSI/boyz/lab1_rortiz4' does not exist
\w 	but was defined in libFile '/escnfs/courses/fa24-cse-30342.01/dropbox/dnoronha/VLSI/boyz/cds.lib' for Lib 'lab1_rortiz4_nnguye24'.
\w Warning: The directory: '/escnfs/courses/fa24-cse-30342.01/dropbox/rortiz4/VLSI/boyz/hw2_nnguye24' does not exist
\w 	but was defined in libFile '/escnfs/courses/fa24-cse-30342.01/dropbox/dnoronha/VLSI/boyz/cds.lib' for Lib 'hw2_nnguye24_rortiz4'.
\w Warning: The directory: '/escnfs/courses/fa24-cse-30342.01/dropbox/rortiz4/VLSI/boyz/lab2_nnguye24' does not exist
\w 	but was defined in libFile '/escnfs/courses/fa24-cse-30342.01/dropbox/dnoronha/VLSI/boyz/cds.lib' for Lib 'lab2_nnguye24_rortiz4'.
\w Warning: The directory: '/escnfs/courses/fa24-cse-30342.01/dropbox/rortiz4/VLSI/boyz/lab1_nnguye24' does not exist
\w 	but was defined in libFile '/escnfs/courses/fa24-cse-30342.01/dropbox/dnoronha/VLSI/boyz/cds.lib' for Lib 'lab1_nnguye24_rortiz4'.
\w Warning: The directory: '/escnfs/courses/fa24-cse-30342.01/dropbox/nnguye24/VLSI/boyz/hw2_nnguye24' does not exist
\w 	but was defined in libFile '/escnfs/courses/fa24-cse-30342.01/dropbox/dnoronha/VLSI/boyz/cds.lib' for Lib 'hw2_nnguye24_nnguye24'.
\w Warning: The directory: '/escnfs/courses/fa24-cse-30342.01/dropbox/nnguye24/VLSI/boyz/lab2_nnguye24' does not exist
\w 	but was defined in libFile '/escnfs/courses/fa24-cse-30342.01/dropbox/dnoronha/VLSI/boyz/cds.lib' for Lib 'lab2_nnguye24_nnguye24'.
\w Warning: The directory: '/escnfs/courses/fa24-cse-30342.01/dropbox/nnguye24/VLSI/boyz/lab1_nnguye24' does not exist
\w 	but was defined in libFile '/escnfs/courses/fa24-cse-30342.01/dropbox/dnoronha/VLSI/boyz/cds.lib' for Lib 'lab1_nnguye24_nnguye24'.
\a cdsLibManager->libListBox->value = "lab4_boyz_dnoronha"
\a cdsLibManager->libLineEdit->value = "lab4_boyz_dnoronha"
\a cdsLibManager->cellListBox->value = "pmos_8l"
\a cdsLibManager->cellLineEdit->value = "pmos_8l"
\a cdsLibManager->viewListBox->value = "schematic"
\a cdsLibManager->viewLineEdit->value = "schematic"
\a cdsLibManager->viewLineEdit->value = ""
\a cdsLibManager->viewListBox->value = nil
\a cdsLibManager->viewListBox->value = "schematic"
\a cdsLibManager->viewLineEdit->value = "schematic"
\a nrSetCurrentWindow(cdsLibManager)
\a nrSetCurrentWindow(cdsLibManager)
\a nrSetCurrentWindow(cdsLibManager)
\a nrSetCurrentWindow(cdsLibManager)
\a nrSetCurrentWindow(cdsLibManager)
\a cdsLibManager->cellListBox->value = "NMOS_IV_3"
\a cdsLibManager->cellLineEdit->value = "NMOS_IV_3"
\a cdsLibManager->viewLineEdit->value = ""
\a cdsLibManager->viewListBox->value = nil
\a cdsLibManager->viewListBox->value = "schematic"
\a cdsLibManager->viewLineEdit->value = "schematic"
\a cdsLibManager->cellListBox->value = "PMOS_IV_3"
\a cdsLibManager->cellLineEdit->value = "PMOS_IV_3"
\a cdsLibManager->viewLineEdit->value = ""
\a cdsLibManager->viewListBox->value = nil
\a cdsLibManager->viewListBox->value = "schematic"
\a cdsLibManager->viewLineEdit->value = "schematic"
\a cdsLibManager->viewListBox->value = "symbol"
\a cdsLibManager->viewLineEdit->value = "symbol"
\a cdsLibManager->viewListBox->value = nil
\a cdsLibManager->viewLineEdit->value = ""
\a cdsLibManager->viewListBox->value = "symbol"
\a cdsLibManager->viewLineEdit->value = "symbol"
\o MPS request: edit design
\a nrListItemAction(cdsLibManager->gdmXTView 1 0)
\a cdsLibManager->libListBox->value = nil
\a cdsLibManager->libLineEdit->value = ""
\a cdsLibManager->cellListBox->value = nil
\a cdsLibManager->viewLineEdit->value = ""
\a cdsLibManager->viewListBox->value = nil
\a cdsLibManager->cellLineEdit->value = ""
\w Warning: The directory: '/escnfs/courses/fa24-cse-30342.01/dropbox/rortiz4/VLSI/boyz/lab4_boyz' does not exist
\w 	but was defined in libFile '/escnfs/courses/fa24-cse-30342.01/dropbox/dnoronha/VLSI/boyz/cds.lib' for Lib 'lab4_boyz_rortiz4'.
\w Warning: The directory: '/escnfs/courses/fa24-cse-30342.01/dropbox/nnguye24/VLSI/boyz/lab4_boyz' does not exist
\w 	but was defined in libFile '/escnfs/courses/fa24-cse-30342.01/dropbox/dnoronha/VLSI/boyz/cds.lib' for Lib 'lab4_boyz_nnguye24'.
\w Warning: The directory: '/escnfs/courses/fa24-cse-30342.01/dropbox/rortiz4/VLSI/boyz/lab3_boyz' does not exist
\w 	but was defined in libFile '/escnfs/courses/fa24-cse-30342.01/dropbox/dnoronha/VLSI/boyz/cds.lib' for Lib 'lab3_boyz_rortiz4'.
\w Warning: The directory: '/escnfs/courses/fa24-cse-30342.01/dropbox/nnguye24/VLSI/boyz/lab3_boyz' does not exist
\w 	but was defined in libFile '/escnfs/courses/fa24-cse-30342.01/dropbox/dnoronha/VLSI/boyz/cds.lib' for Lib 'lab3_boyz_nnguye24'.
\w Warning: The directory: '/escnfs/courses/fa24-cse-30342.01/dropbox/rortiz4/VLSI/boyz/hw2_dnoronha' does not exist
\w 	but was defined in libFile '/escnfs/courses/fa24-cse-30342.01/dropbox/dnoronha/VLSI/boyz/cds.lib' for Lib 'hw2_dnoronha_rortiz4'.
\w Warning: The directory: '/escnfs/courses/fa24-cse-30342.01/dropbox/rortiz4/VLSI/boyz/lab2_dnoronha' does not exist
\w 	but was defined in libFile '/escnfs/courses/fa24-cse-30342.01/dropbox/dnoronha/VLSI/boyz/cds.lib' for Lib 'lab2_dnoronha_rortiz4'.
\w Warning: The directory: '/escnfs/courses/fa24-cse-30342.01/dropbox/rortiz4/VLSI/boyz/lab1_dnoronha' does not exist
\w 	but was defined in libFile '/escnfs/courses/fa24-cse-30342.01/dropbox/dnoronha/VLSI/boyz/cds.lib' for Lib 'lab1_dnoronha_rortiz4'.
\w Warning: The directory: '/escnfs/courses/fa24-cse-30342.01/dropbox/nnguye24/VLSI/boyz/hw2_dnoronha' does not exist
\w 	but was defined in libFile '/escnfs/courses/fa24-cse-30342.01/dropbox/dnoronha/VLSI/boyz/cds.lib' for Lib 'hw2_dnoronha_nnguye24'.
\w Warning: The directory: '/escnfs/courses/fa24-cse-30342.01/dropbox/nnguye24/VLSI/boyz/lab2_dnoronha' does not exist
\w 	but was defined in libFile '/escnfs/courses/fa24-cse-30342.01/dropbox/dnoronha/VLSI/boyz/cds.lib' for Lib 'lab2_dnoronha_nnguye24'.
\w Warning: The directory: '/escnfs/courses/fa24-cse-30342.01/dropbox/nnguye24/VLSI/boyz/lab1_dnoronha' does not exist
\w 	but was defined in libFile '/escnfs/courses/fa24-cse-30342.01/dropbox/dnoronha/VLSI/boyz/cds.lib' for Lib 'lab1_dnoronha_nnguye24'.
\w Warning: The directory: '/escnfs/courses/fa24-cse-30342.01/dropbox/rortiz4/VLSI/boyz/hw2_rortiz4' does not exist
\w 	but was defined in libFile '/escnfs/courses/fa24-cse-30342.01/dropbox/dnoronha/VLSI/boyz/cds.lib' for Lib 'hw2_rortiz4_rortiz4'.
\w Warning: The directory: '/escnfs/courses/fa24-cse-30342.01/dropbox/rortiz4/VLSI/boyz/lab2_rortiz4' does not exist
\w 	but was defined in libFile '/escnfs/courses/fa24-cse-30342.01/dropbox/dnoronha/VLSI/boyz/cds.lib' for Lib 'lab2_rortiz4_rortiz4'.
\w Warning: The directory: '/escnfs/courses/fa24-cse-30342.01/dropbox/rortiz4/VLSI/boyz/lab1_rortiz4' does not exist
\w 	but was defined in libFile '/escnfs/courses/fa24-cse-30342.01/dropbox/dnoronha/VLSI/boyz/cds.lib' for Lib 'lab1_rortiz4_rortiz4'.
\w Warning: The directory: '/escnfs/courses/fa24-cse-30342.01/dropbox/nnguye24/VLSI/boyz/hw2_rortiz4' does not exist
\w 	but was defined in libFile '/escnfs/courses/fa24-cse-30342.01/dropbox/dnoronha/VLSI/boyz/cds.lib' for Lib 'hw2_rortiz4_nnguye24'.
\w Warning: The directory: '/escnfs/courses/fa24-cse-30342.01/dropbox/nnguye24/VLSI/boyz/lab2_rortiz4' does not exist
\w 	but was defined in libFile '/escnfs/courses/fa24-cse-30342.01/dropbox/dnoronha/VLSI/boyz/cds.lib' for Lib 'lab2_rortiz4_nnguye24'.
\w Warning: The directory: '/escnfs/courses/fa24-cse-30342.01/dropbox/nnguye24/VLSI/boyz/lab1_rortiz4' does not exist
\w 	but was defined in libFile '/escnfs/courses/fa24-cse-30342.01/dropbox/dnoronha/VLSI/boyz/cds.lib' for Lib 'lab1_rortiz4_nnguye24'.
\w Warning: The directory: '/escnfs/courses/fa24-cse-30342.01/dropbox/rortiz4/VLSI/boyz/hw2_nnguye24' does not exist
\w 	but was defined in libFile '/escnfs/courses/fa24-cse-30342.01/dropbox/dnoronha/VLSI/boyz/cds.lib' for Lib 'hw2_nnguye24_rortiz4'.
\w Warning: The directory: '/escnfs/courses/fa24-cse-30342.01/dropbox/rortiz4/VLSI/boyz/lab2_nnguye24' does not exist
\w 	but was defined in libFile '/escnfs/courses/fa24-cse-30342.01/dropbox/dnoronha/VLSI/boyz/cds.lib' for Lib 'lab2_nnguye24_rortiz4'.
\w Warning: The directory: '/escnfs/courses/fa24-cse-30342.01/dropbox/rortiz4/VLSI/boyz/lab1_nnguye24' does not exist
\w 	but was defined in libFile '/escnfs/courses/fa24-cse-30342.01/dropbox/dnoronha/VLSI/boyz/cds.lib' for Lib 'lab1_nnguye24_rortiz4'.
\w Warning: The directory: '/escnfs/courses/fa24-cse-30342.01/dropbox/nnguye24/VLSI/boyz/hw2_nnguye24' does not exist
\w 	but was defined in libFile '/escnfs/courses/fa24-cse-30342.01/dropbox/dnoronha/VLSI/boyz/cds.lib' for Lib 'hw2_nnguye24_nnguye24'.
\w Warning: The directory: '/escnfs/courses/fa24-cse-30342.01/dropbox/nnguye24/VLSI/boyz/lab2_nnguye24' does not exist
\w 	but was defined in libFile '/escnfs/courses/fa24-cse-30342.01/dropbox/dnoronha/VLSI/boyz/cds.lib' for Lib 'lab2_nnguye24_nnguye24'.
\w Warning: The directory: '/escnfs/courses/fa24-cse-30342.01/dropbox/nnguye24/VLSI/boyz/lab1_nnguye24' does not exist
\w 	but was defined in libFile '/escnfs/courses/fa24-cse-30342.01/dropbox/dnoronha/VLSI/boyz/cds.lib' for Lib 'lab1_nnguye24_nnguye24'.
\a cdsLibManager->libListBox->value = "lab4_boyz_dnoronha"
\a cdsLibManager->libLineEdit->value = "lab4_boyz_dnoronha"
\a cdsLibManager->cellListBox->value = "PMOS_IV_3"
\a cdsLibManager->cellLineEdit->value = "PMOS_IV_3"
\a cdsLibManager->viewListBox->value = "symbol"
\a cdsLibManager->viewLineEdit->value = "symbol"
\a cdsLibManager->viewLineEdit->value = ""
\a cdsLibManager->viewListBox->value = nil
\a cdsLibManager->viewListBox->value = "symbol"
\a cdsLibManager->viewLineEdit->value = "symbol"
\a cdsLibManager->libListBox->value = nil
\a cdsLibManager->libLineEdit->value = ""
\a cdsLibManager->cellListBox->value = nil
\a cdsLibManager->viewLineEdit->value = ""
\a cdsLibManager->viewListBox->value = nil
\a cdsLibManager->cellLineEdit->value = ""
\w Warning: The directory: '/escnfs/courses/fa24-cse-30342.01/dropbox/rortiz4/VLSI/boyz/lab4_boyz' does not exist
\w 	but was defined in libFile '/escnfs/courses/fa24-cse-30342.01/dropbox/dnoronha/VLSI/boyz/cds.lib' for Lib 'lab4_boyz_rortiz4'.
\w Warning: The directory: '/escnfs/courses/fa24-cse-30342.01/dropbox/nnguye24/VLSI/boyz/lab4_boyz' does not exist
\w 	but was defined in libFile '/escnfs/courses/fa24-cse-30342.01/dropbox/dnoronha/VLSI/boyz/cds.lib' for Lib 'lab4_boyz_nnguye24'.
\w Warning: The directory: '/escnfs/courses/fa24-cse-30342.01/dropbox/rortiz4/VLSI/boyz/lab3_boyz' does not exist
\w 	but was defined in libFile '/escnfs/courses/fa24-cse-30342.01/dropbox/dnoronha/VLSI/boyz/cds.lib' for Lib 'lab3_boyz_rortiz4'.
\w Warning: The directory: '/escnfs/courses/fa24-cse-30342.01/dropbox/nnguye24/VLSI/boyz/lab3_boyz' does not exist
\w 	but was defined in libFile '/escnfs/courses/fa24-cse-30342.01/dropbox/dnoronha/VLSI/boyz/cds.lib' for Lib 'lab3_boyz_nnguye24'.
\w Warning: The directory: '/escnfs/courses/fa24-cse-30342.01/dropbox/rortiz4/VLSI/boyz/hw2_dnoronha' does not exist
\w 	but was defined in libFile '/escnfs/courses/fa24-cse-30342.01/dropbox/dnoronha/VLSI/boyz/cds.lib' for Lib 'hw2_dnoronha_rortiz4'.
\w Warning: The directory: '/escnfs/courses/fa24-cse-30342.01/dropbox/rortiz4/VLSI/boyz/lab2_dnoronha' does not exist
\w 	but was defined in libFile '/escnfs/courses/fa24-cse-30342.01/dropbox/dnoronha/VLSI/boyz/cds.lib' for Lib 'lab2_dnoronha_rortiz4'.
\w Warning: The directory: '/escnfs/courses/fa24-cse-30342.01/dropbox/rortiz4/VLSI/boyz/lab1_dnoronha' does not exist
\w 	but was defined in libFile '/escnfs/courses/fa24-cse-30342.01/dropbox/dnoronha/VLSI/boyz/cds.lib' for Lib 'lab1_dnoronha_rortiz4'.
\w Warning: The directory: '/escnfs/courses/fa24-cse-30342.01/dropbox/nnguye24/VLSI/boyz/hw2_dnoronha' does not exist
\w 	but was defined in libFile '/escnfs/courses/fa24-cse-30342.01/dropbox/dnoronha/VLSI/boyz/cds.lib' for Lib 'hw2_dnoronha_nnguye24'.
\w Warning: The directory: '/escnfs/courses/fa24-cse-30342.01/dropbox/nnguye24/VLSI/boyz/lab2_dnoronha' does not exist
\w 	but was defined in libFile '/escnfs/courses/fa24-cse-30342.01/dropbox/dnoronha/VLSI/boyz/cds.lib' for Lib 'lab2_dnoronha_nnguye24'.
\w Warning: The directory: '/escnfs/courses/fa24-cse-30342.01/dropbox/nnguye24/VLSI/boyz/lab1_dnoronha' does not exist
\w 	but was defined in libFile '/escnfs/courses/fa24-cse-30342.01/dropbox/dnoronha/VLSI/boyz/cds.lib' for Lib 'lab1_dnoronha_nnguye24'.
\w Warning: The directory: '/escnfs/courses/fa24-cse-30342.01/dropbox/rortiz4/VLSI/boyz/hw2_rortiz4' does not exist
\w 	but was defined in libFile '/escnfs/courses/fa24-cse-30342.01/dropbox/dnoronha/VLSI/boyz/cds.lib' for Lib 'hw2_rortiz4_rortiz4'.
\w Warning: The directory: '/escnfs/courses/fa24-cse-30342.01/dropbox/rortiz4/VLSI/boyz/lab2_rortiz4' does not exist
\w 	but was defined in libFile '/escnfs/courses/fa24-cse-30342.01/dropbox/dnoronha/VLSI/boyz/cds.lib' for Lib 'lab2_rortiz4_rortiz4'.
\w Warning: The directory: '/escnfs/courses/fa24-cse-30342.01/dropbox/rortiz4/VLSI/boyz/lab1_rortiz4' does not exist
\w 	but was defined in libFile '/escnfs/courses/fa24-cse-30342.01/dropbox/dnoronha/VLSI/boyz/cds.lib' for Lib 'lab1_rortiz4_rortiz4'.
\w Warning: The directory: '/escnfs/courses/fa24-cse-30342.01/dropbox/nnguye24/VLSI/boyz/hw2_rortiz4' does not exist
\w 	but was defined in libFile '/escnfs/courses/fa24-cse-30342.01/dropbox/dnoronha/VLSI/boyz/cds.lib' for Lib 'hw2_rortiz4_nnguye24'.
\w Warning: The directory: '/escnfs/courses/fa24-cse-30342.01/dropbox/nnguye24/VLSI/boyz/lab2_rortiz4' does not exist
\w 	but was defined in libFile '/escnfs/courses/fa24-cse-30342.01/dropbox/dnoronha/VLSI/boyz/cds.lib' for Lib 'lab2_rortiz4_nnguye24'.
\w Warning: The directory: '/escnfs/courses/fa24-cse-30342.01/dropbox/nnguye24/VLSI/boyz/lab1_rortiz4' does not exist
\w 	but was defined in libFile '/escnfs/courses/fa24-cse-30342.01/dropbox/dnoronha/VLSI/boyz/cds.lib' for Lib 'lab1_rortiz4_nnguye24'.
\w Warning: The directory: '/escnfs/courses/fa24-cse-30342.01/dropbox/rortiz4/VLSI/boyz/hw2_nnguye24' does not exist
\w 	but was defined in libFile '/escnfs/courses/fa24-cse-30342.01/dropbox/dnoronha/VLSI/boyz/cds.lib' for Lib 'hw2_nnguye24_rortiz4'.
\w Warning: The directory: '/escnfs/courses/fa24-cse-30342.01/dropbox/rortiz4/VLSI/boyz/lab2_nnguye24' does not exist
\w 	but was defined in libFile '/escnfs/courses/fa24-cse-30342.01/dropbox/dnoronha/VLSI/boyz/cds.lib' for Lib 'lab2_nnguye24_rortiz4'.
\w Warning: The directory: '/escnfs/courses/fa24-cse-30342.01/dropbox/rortiz4/VLSI/boyz/lab1_nnguye24' does not exist
\w 	but was defined in libFile '/escnfs/courses/fa24-cse-30342.01/dropbox/dnoronha/VLSI/boyz/cds.lib' for Lib 'lab1_nnguye24_rortiz4'.
\w Warning: The directory: '/escnfs/courses/fa24-cse-30342.01/dropbox/nnguye24/VLSI/boyz/hw2_nnguye24' does not exist
\w 	but was defined in libFile '/escnfs/courses/fa24-cse-30342.01/dropbox/dnoronha/VLSI/boyz/cds.lib' for Lib 'hw2_nnguye24_nnguye24'.
\w Warning: The directory: '/escnfs/courses/fa24-cse-30342.01/dropbox/nnguye24/VLSI/boyz/lab2_nnguye24' does not exist
\w 	but was defined in libFile '/escnfs/courses/fa24-cse-30342.01/dropbox/dnoronha/VLSI/boyz/cds.lib' for Lib 'lab2_nnguye24_nnguye24'.
\w Warning: The directory: '/escnfs/courses/fa24-cse-30342.01/dropbox/nnguye24/VLSI/boyz/lab1_nnguye24' does not exist
\w 	but was defined in libFile '/escnfs/courses/fa24-cse-30342.01/dropbox/dnoronha/VLSI/boyz/cds.lib' for Lib 'lab1_nnguye24_nnguye24'.
\a cdsLibManager->libListBox->value = "lab4_boyz_dnoronha"
\a cdsLibManager->libLineEdit->value = "lab4_boyz_dnoronha"
\a cdsLibManager->cellListBox->value = "PMOS_IV_3"
\a cdsLibManager->cellLineEdit->value = "PMOS_IV_3"
\a cdsLibManager->viewListBox->value = "symbol"
\a cdsLibManager->viewLineEdit->value = "symbol"
\a cdsLibManager->viewLineEdit->value = ""
\a cdsLibManager->viewListBox->value = nil
\a cdsLibManager->viewListBox->value = "symbol"
\a cdsLibManager->viewLineEdit->value = "symbol"
\a cdsLibManager->libListBox->value = nil
\a cdsLibManager->libLineEdit->value = ""
\a cdsLibManager->cellListBox->value = nil
\a cdsLibManager->viewLineEdit->value = ""
\a cdsLibManager->viewListBox->value = nil
\a cdsLibManager->cellLineEdit->value = ""
\w Warning: The directory: '/escnfs/courses/fa24-cse-30342.01/dropbox/rortiz4/VLSI/boyz/lab4_boyz' does not exist
\w 	but was defined in libFile '/escnfs/courses/fa24-cse-30342.01/dropbox/dnoronha/VLSI/boyz/cds.lib' for Lib 'lab4_boyz_rortiz4'.
\w Warning: The directory: '/escnfs/courses/fa24-cse-30342.01/dropbox/nnguye24/VLSI/boyz/lab4_boyz' does not exist
\w 	but was defined in libFile '/escnfs/courses/fa24-cse-30342.01/dropbox/dnoronha/VLSI/boyz/cds.lib' for Lib 'lab4_boyz_nnguye24'.
\w Warning: The directory: '/escnfs/courses/fa24-cse-30342.01/dropbox/rortiz4/VLSI/boyz/lab3_boyz' does not exist
\w 	but was defined in libFile '/escnfs/courses/fa24-cse-30342.01/dropbox/dnoronha/VLSI/boyz/cds.lib' for Lib 'lab3_boyz_rortiz4'.
\w Warning: The directory: '/escnfs/courses/fa24-cse-30342.01/dropbox/nnguye24/VLSI/boyz/lab3_boyz' does not exist
\w 	but was defined in libFile '/escnfs/courses/fa24-cse-30342.01/dropbox/dnoronha/VLSI/boyz/cds.lib' for Lib 'lab3_boyz_nnguye24'.
\w Warning: The directory: '/escnfs/courses/fa24-cse-30342.01/dropbox/rortiz4/VLSI/boyz/hw2_dnoronha' does not exist
\w 	but was defined in libFile '/escnfs/courses/fa24-cse-30342.01/dropbox/dnoronha/VLSI/boyz/cds.lib' for Lib 'hw2_dnoronha_rortiz4'.
\w Warning: The directory: '/escnfs/courses/fa24-cse-30342.01/dropbox/rortiz4/VLSI/boyz/lab2_dnoronha' does not exist
\w 	but was defined in libFile '/escnfs/courses/fa24-cse-30342.01/dropbox/dnoronha/VLSI/boyz/cds.lib' for Lib 'lab2_dnoronha_rortiz4'.
\w Warning: The directory: '/escnfs/courses/fa24-cse-30342.01/dropbox/rortiz4/VLSI/boyz/lab1_dnoronha' does not exist
\w 	but was defined in libFile '/escnfs/courses/fa24-cse-30342.01/dropbox/dnoronha/VLSI/boyz/cds.lib' for Lib 'lab1_dnoronha_rortiz4'.
\w Warning: The directory: '/escnfs/courses/fa24-cse-30342.01/dropbox/nnguye24/VLSI/boyz/hw2_dnoronha' does not exist
\w 	but was defined in libFile '/escnfs/courses/fa24-cse-30342.01/dropbox/dnoronha/VLSI/boyz/cds.lib' for Lib 'hw2_dnoronha_nnguye24'.
\w Warning: The directory: '/escnfs/courses/fa24-cse-30342.01/dropbox/nnguye24/VLSI/boyz/lab2_dnoronha' does not exist
\w 	but was defined in libFile '/escnfs/courses/fa24-cse-30342.01/dropbox/dnoronha/VLSI/boyz/cds.lib' for Lib 'lab2_dnoronha_nnguye24'.
\w Warning: The directory: '/escnfs/courses/fa24-cse-30342.01/dropbox/nnguye24/VLSI/boyz/lab1_dnoronha' does not exist
\w 	but was defined in libFile '/escnfs/courses/fa24-cse-30342.01/dropbox/dnoronha/VLSI/boyz/cds.lib' for Lib 'lab1_dnoronha_nnguye24'.
\w Warning: The directory: '/escnfs/courses/fa24-cse-30342.01/dropbox/rortiz4/VLSI/boyz/hw2_rortiz4' does not exist
\w 	but was defined in libFile '/escnfs/courses/fa24-cse-30342.01/dropbox/dnoronha/VLSI/boyz/cds.lib' for Lib 'hw2_rortiz4_rortiz4'.
\w Warning: The directory: '/escnfs/courses/fa24-cse-30342.01/dropbox/rortiz4/VLSI/boyz/lab2_rortiz4' does not exist
\w 	but was defined in libFile '/escnfs/courses/fa24-cse-30342.01/dropbox/dnoronha/VLSI/boyz/cds.lib' for Lib 'lab2_rortiz4_rortiz4'.
\w Warning: The directory: '/escnfs/courses/fa24-cse-30342.01/dropbox/rortiz4/VLSI/boyz/lab1_rortiz4' does not exist
\w 	but was defined in libFile '/escnfs/courses/fa24-cse-30342.01/dropbox/dnoronha/VLSI/boyz/cds.lib' for Lib 'lab1_rortiz4_rortiz4'.
\w Warning: The directory: '/escnfs/courses/fa24-cse-30342.01/dropbox/nnguye24/VLSI/boyz/hw2_rortiz4' does not exist
\w 	but was defined in libFile '/escnfs/courses/fa24-cse-30342.01/dropbox/dnoronha/VLSI/boyz/cds.lib' for Lib 'hw2_rortiz4_nnguye24'.
\w Warning: The directory: '/escnfs/courses/fa24-cse-30342.01/dropbox/nnguye24/VLSI/boyz/lab2_rortiz4' does not exist
\w 	but was defined in libFile '/escnfs/courses/fa24-cse-30342.01/dropbox/dnoronha/VLSI/boyz/cds.lib' for Lib 'lab2_rortiz4_nnguye24'.
\w Warning: The directory: '/escnfs/courses/fa24-cse-30342.01/dropbox/nnguye24/VLSI/boyz/lab1_rortiz4' does not exist
\w 	but was defined in libFile '/escnfs/courses/fa24-cse-30342.01/dropbox/dnoronha/VLSI/boyz/cds.lib' for Lib 'lab1_rortiz4_nnguye24'.
\w Warning: The directory: '/escnfs/courses/fa24-cse-30342.01/dropbox/rortiz4/VLSI/boyz/hw2_nnguye24' does not exist
\w 	but was defined in libFile '/escnfs/courses/fa24-cse-30342.01/dropbox/dnoronha/VLSI/boyz/cds.lib' for Lib 'hw2_nnguye24_rortiz4'.
\w Warning: The directory: '/escnfs/courses/fa24-cse-30342.01/dropbox/rortiz4/VLSI/boyz/lab2_nnguye24' does not exist
\w 	but was defined in libFile '/escnfs/courses/fa24-cse-30342.01/dropbox/dnoronha/VLSI/boyz/cds.lib' for Lib 'lab2_nnguye24_rortiz4'.
\w Warning: The directory: '/escnfs/courses/fa24-cse-30342.01/dropbox/rortiz4/VLSI/boyz/lab1_nnguye24' does not exist
\w 	but was defined in libFile '/escnfs/courses/fa24-cse-30342.01/dropbox/dnoronha/VLSI/boyz/cds.lib' for Lib 'lab1_nnguye24_rortiz4'.
\w Warning: The directory: '/escnfs/courses/fa24-cse-30342.01/dropbox/nnguye24/VLSI/boyz/hw2_nnguye24' does not exist
\w 	but was defined in libFile '/escnfs/courses/fa24-cse-30342.01/dropbox/dnoronha/VLSI/boyz/cds.lib' for Lib 'hw2_nnguye24_nnguye24'.
\w Warning: The directory: '/escnfs/courses/fa24-cse-30342.01/dropbox/nnguye24/VLSI/boyz/lab2_nnguye24' does not exist
\w 	but was defined in libFile '/escnfs/courses/fa24-cse-30342.01/dropbox/dnoronha/VLSI/boyz/cds.lib' for Lib 'lab2_nnguye24_nnguye24'.
\w Warning: The directory: '/escnfs/courses/fa24-cse-30342.01/dropbox/nnguye24/VLSI/boyz/lab1_nnguye24' does not exist
\w 	but was defined in libFile '/escnfs/courses/fa24-cse-30342.01/dropbox/dnoronha/VLSI/boyz/cds.lib' for Lib 'lab1_nnguye24_nnguye24'.
\a cdsLibManager->libListBox->value = "lab4_boyz_dnoronha"
\a cdsLibManager->libLineEdit->value = "lab4_boyz_dnoronha"
\a cdsLibManager->cellListBox->value = "PMOS_IV_3"
\a cdsLibManager->cellLineEdit->value = "PMOS_IV_3"
\a cdsLibManager->viewListBox->value = "symbol"
\a cdsLibManager->viewLineEdit->value = "symbol"
\a cdsLibManager->viewLineEdit->value = ""
\a cdsLibManager->viewListBox->value = nil
\a cdsLibManager->viewListBox->value = "symbol"
\a cdsLibManager->viewLineEdit->value = "symbol"
\a nrSetCurrentWindow(cdsLibManager)
\a nrSetCurrentWindow(cdsLibManager)
\a nrSetCurrentWindow(cdsLibManager)
\a nrSetCurrentWindow(cdsLibManager)
\a cdsLibManager->cellListBox->value = "pmos_8l"
\a cdsLibManager->cellLineEdit->value = "pmos_8l"
\a cdsLibManager->viewLineEdit->value = ""
\a cdsLibManager->viewListBox->value = nil
\a cdsLibManager->viewListBox->value = "symbol"
\a cdsLibManager->viewLineEdit->value = "symbol"
\a nrSetCurrentWindow(cdsLibManager)
\a nrSetCurrentWindow(cdsLibManager)
\a cdsLibManager->viewListBox->value = "schematic"
\a cdsLibManager->viewLineEdit->value = "schematic"
\o MPS request: edit design
\a nrListItemAction(cdsLibManager->gdmXTView 0 0)
\a nrSetCurrentWindow(cdsLibManager)
\a lmgrLogShowPopup("mainListPopup2" 55 6 2 "schematic")
\a cdsLibManager->fileOpenWithButton->value = t
\o MPS request: edit design
\a cdsLibManager->libListBox->value = nil
\a cdsLibManager->libLineEdit->value = ""
\a cdsLibManager->cellListBox->value = nil
\a cdsLibManager->viewLineEdit->value = ""
\a cdsLibManager->viewListBox->value = nil
\a cdsLibManager->cellLineEdit->value = ""
\w Warning: The directory: '/escnfs/courses/fa24-cse-30342.01/dropbox/rortiz4/VLSI/boyz/lab4_boyz' does not exist
\w 	but was defined in libFile '/escnfs/courses/fa24-cse-30342.01/dropbox/dnoronha/VLSI/boyz/cds.lib' for Lib 'lab4_boyz_rortiz4'.
\w Warning: The directory: '/escnfs/courses/fa24-cse-30342.01/dropbox/nnguye24/VLSI/boyz/lab4_boyz' does not exist
\w 	but was defined in libFile '/escnfs/courses/fa24-cse-30342.01/dropbox/dnoronha/VLSI/boyz/cds.lib' for Lib 'lab4_boyz_nnguye24'.
\w Warning: The directory: '/escnfs/courses/fa24-cse-30342.01/dropbox/rortiz4/VLSI/boyz/lab3_boyz' does not exist
\w 	but was defined in libFile '/escnfs/courses/fa24-cse-30342.01/dropbox/dnoronha/VLSI/boyz/cds.lib' for Lib 'lab3_boyz_rortiz4'.
\w Warning: The directory: '/escnfs/courses/fa24-cse-30342.01/dropbox/nnguye24/VLSI/boyz/lab3_boyz' does not exist
\w 	but was defined in libFile '/escnfs/courses/fa24-cse-30342.01/dropbox/dnoronha/VLSI/boyz/cds.lib' for Lib 'lab3_boyz_nnguye24'.
\w Warning: The directory: '/escnfs/courses/fa24-cse-30342.01/dropbox/rortiz4/VLSI/boyz/hw2_dnoronha' does not exist
\w 	but was defined in libFile '/escnfs/courses/fa24-cse-30342.01/dropbox/dnoronha/VLSI/boyz/cds.lib' for Lib 'hw2_dnoronha_rortiz4'.
\w Warning: The directory: '/escnfs/courses/fa24-cse-30342.01/dropbox/rortiz4/VLSI/boyz/lab2_dnoronha' does not exist
\w 	but was defined in libFile '/escnfs/courses/fa24-cse-30342.01/dropbox/dnoronha/VLSI/boyz/cds.lib' for Lib 'lab2_dnoronha_rortiz4'.
\w Warning: The directory: '/escnfs/courses/fa24-cse-30342.01/dropbox/rortiz4/VLSI/boyz/lab1_dnoronha' does not exist
\w 	but was defined in libFile '/escnfs/courses/fa24-cse-30342.01/dropbox/dnoronha/VLSI/boyz/cds.lib' for Lib 'lab1_dnoronha_rortiz4'.
\w Warning: The directory: '/escnfs/courses/fa24-cse-30342.01/dropbox/nnguye24/VLSI/boyz/hw2_dnoronha' does not exist
\w 	but was defined in libFile '/escnfs/courses/fa24-cse-30342.01/dropbox/dnoronha/VLSI/boyz/cds.lib' for Lib 'hw2_dnoronha_nnguye24'.
\w Warning: The directory: '/escnfs/courses/fa24-cse-30342.01/dropbox/nnguye24/VLSI/boyz/lab2_dnoronha' does not exist
\w 	but was defined in libFile '/escnfs/courses/fa24-cse-30342.01/dropbox/dnoronha/VLSI/boyz/cds.lib' for Lib 'lab2_dnoronha_nnguye24'.
\w Warning: The directory: '/escnfs/courses/fa24-cse-30342.01/dropbox/nnguye24/VLSI/boyz/lab1_dnoronha' does not exist
\w 	but was defined in libFile '/escnfs/courses/fa24-cse-30342.01/dropbox/dnoronha/VLSI/boyz/cds.lib' for Lib 'lab1_dnoronha_nnguye24'.
\w Warning: The directory: '/escnfs/courses/fa24-cse-30342.01/dropbox/rortiz4/VLSI/boyz/hw2_rortiz4' does not exist
\w 	but was defined in libFile '/escnfs/courses/fa24-cse-30342.01/dropbox/dnoronha/VLSI/boyz/cds.lib' for Lib 'hw2_rortiz4_rortiz4'.
\w Warning: The directory: '/escnfs/courses/fa24-cse-30342.01/dropbox/rortiz4/VLSI/boyz/lab2_rortiz4' does not exist
\w 	but was defined in libFile '/escnfs/courses/fa24-cse-30342.01/dropbox/dnoronha/VLSI/boyz/cds.lib' for Lib 'lab2_rortiz4_rortiz4'.
\w Warning: The directory: '/escnfs/courses/fa24-cse-30342.01/dropbox/rortiz4/VLSI/boyz/lab1_rortiz4' does not exist
\w 	but was defined in libFile '/escnfs/courses/fa24-cse-30342.01/dropbox/dnoronha/VLSI/boyz/cds.lib' for Lib 'lab1_rortiz4_rortiz4'.
\w Warning: The directory: '/escnfs/courses/fa24-cse-30342.01/dropbox/nnguye24/VLSI/boyz/hw2_rortiz4' does not exist
\w 	but was defined in libFile '/escnfs/courses/fa24-cse-30342.01/dropbox/dnoronha/VLSI/boyz/cds.lib' for Lib 'hw2_rortiz4_nnguye24'.
\w Warning: The directory: '/escnfs/courses/fa24-cse-30342.01/dropbox/nnguye24/VLSI/boyz/lab2_rortiz4' does not exist
\w 	but was defined in libFile '/escnfs/courses/fa24-cse-30342.01/dropbox/dnoronha/VLSI/boyz/cds.lib' for Lib 'lab2_rortiz4_nnguye24'.
\w Warning: The directory: '/escnfs/courses/fa24-cse-30342.01/dropbox/nnguye24/VLSI/boyz/lab1_rortiz4' does not exist
\w 	but was defined in libFile '/escnfs/courses/fa24-cse-30342.01/dropbox/dnoronha/VLSI/boyz/cds.lib' for Lib 'lab1_rortiz4_nnguye24'.
\w Warning: The directory: '/escnfs/courses/fa24-cse-30342.01/dropbox/rortiz4/VLSI/boyz/hw2_nnguye24' does not exist
\w 	but was defined in libFile '/escnfs/courses/fa24-cse-30342.01/dropbox/dnoronha/VLSI/boyz/cds.lib' for Lib 'hw2_nnguye24_rortiz4'.
\w Warning: The directory: '/escnfs/courses/fa24-cse-30342.01/dropbox/rortiz4/VLSI/boyz/lab2_nnguye24' does not exist
\w 	but was defined in libFile '/escnfs/courses/fa24-cse-30342.01/dropbox/dnoronha/VLSI/boyz/cds.lib' for Lib 'lab2_nnguye24_rortiz4'.
\w Warning: The directory: '/escnfs/courses/fa24-cse-30342.01/dropbox/rortiz4/VLSI/boyz/lab1_nnguye24' does not exist
\w 	but was defined in libFile '/escnfs/courses/fa24-cse-30342.01/dropbox/dnoronha/VLSI/boyz/cds.lib' for Lib 'lab1_nnguye24_rortiz4'.
\w Warning: The directory: '/escnfs/courses/fa24-cse-30342.01/dropbox/nnguye24/VLSI/boyz/hw2_nnguye24' does not exist
\w 	but was defined in libFile '/escnfs/courses/fa24-cse-30342.01/dropbox/dnoronha/VLSI/boyz/cds.lib' for Lib 'hw2_nnguye24_nnguye24'.
\w Warning: The directory: '/escnfs/courses/fa24-cse-30342.01/dropbox/nnguye24/VLSI/boyz/lab2_nnguye24' does not exist
\w 	but was defined in libFile '/escnfs/courses/fa24-cse-30342.01/dropbox/dnoronha/VLSI/boyz/cds.lib' for Lib 'lab2_nnguye24_nnguye24'.
\w Warning: The directory: '/escnfs/courses/fa24-cse-30342.01/dropbox/nnguye24/VLSI/boyz/lab1_nnguye24' does not exist
\w 	but was defined in libFile '/escnfs/courses/fa24-cse-30342.01/dropbox/dnoronha/VLSI/boyz/cds.lib' for Lib 'lab1_nnguye24_nnguye24'.
\a cdsLibManager->libListBox->value = "lab4_boyz_dnoronha"
\a cdsLibManager->libLineEdit->value = "lab4_boyz_dnoronha"
\a cdsLibManager->cellListBox->value = "pmos_8l"
\a cdsLibManager->cellLineEdit->value = "pmos_8l"
\a cdsLibManager->viewListBox->value = "schematic"
\a cdsLibManager->viewLineEdit->value = "schematic"
\a cdsLibManager->viewLineEdit->value = ""
\a cdsLibManager->viewListBox->value = nil
\a cdsLibManager->viewListBox->value = "schematic"
\a cdsLibManager->viewLineEdit->value = "schematic"
\a nrSetCurrentWindow(cdsLibManager)
\a cdsLibManager->libListBox->value = nil
\a cdsLibManager->libLineEdit->value = ""
\a cdsLibManager->cellListBox->value = nil
\a cdsLibManager->viewLineEdit->value = ""
\a cdsLibManager->viewListBox->value = nil
\a cdsLibManager->cellLineEdit->value = ""
\w Warning: The directory: '/escnfs/courses/fa24-cse-30342.01/dropbox/rortiz4/VLSI/boyz/lab4_boyz' does not exist
\w 	but was defined in libFile '/escnfs/courses/fa24-cse-30342.01/dropbox/dnoronha/VLSI/boyz/cds.lib' for Lib 'lab4_boyz_rortiz4'.
\w Warning: The directory: '/escnfs/courses/fa24-cse-30342.01/dropbox/nnguye24/VLSI/boyz/lab4_boyz' does not exist
\w 	but was defined in libFile '/escnfs/courses/fa24-cse-30342.01/dropbox/dnoronha/VLSI/boyz/cds.lib' for Lib 'lab4_boyz_nnguye24'.
\w Warning: The directory: '/escnfs/courses/fa24-cse-30342.01/dropbox/rortiz4/VLSI/boyz/lab3_boyz' does not exist
\w 	but was defined in libFile '/escnfs/courses/fa24-cse-30342.01/dropbox/dnoronha/VLSI/boyz/cds.lib' for Lib 'lab3_boyz_rortiz4'.
\w Warning: The directory: '/escnfs/courses/fa24-cse-30342.01/dropbox/nnguye24/VLSI/boyz/lab3_boyz' does not exist
\w 	but was defined in libFile '/escnfs/courses/fa24-cse-30342.01/dropbox/dnoronha/VLSI/boyz/cds.lib' for Lib 'lab3_boyz_nnguye24'.
\w Warning: The directory: '/escnfs/courses/fa24-cse-30342.01/dropbox/rortiz4/VLSI/boyz/hw2_dnoronha' does not exist
\w 	but was defined in libFile '/escnfs/courses/fa24-cse-30342.01/dropbox/dnoronha/VLSI/boyz/cds.lib' for Lib 'hw2_dnoronha_rortiz4'.
\w Warning: The directory: '/escnfs/courses/fa24-cse-30342.01/dropbox/rortiz4/VLSI/boyz/lab2_dnoronha' does not exist
\w 	but was defined in libFile '/escnfs/courses/fa24-cse-30342.01/dropbox/dnoronha/VLSI/boyz/cds.lib' for Lib 'lab2_dnoronha_rortiz4'.
\w Warning: The directory: '/escnfs/courses/fa24-cse-30342.01/dropbox/rortiz4/VLSI/boyz/lab1_dnoronha' does not exist
\w 	but was defined in libFile '/escnfs/courses/fa24-cse-30342.01/dropbox/dnoronha/VLSI/boyz/cds.lib' for Lib 'lab1_dnoronha_rortiz4'.
\w Warning: The directory: '/escnfs/courses/fa24-cse-30342.01/dropbox/nnguye24/VLSI/boyz/hw2_dnoronha' does not exist
\w 	but was defined in libFile '/escnfs/courses/fa24-cse-30342.01/dropbox/dnoronha/VLSI/boyz/cds.lib' for Lib 'hw2_dnoronha_nnguye24'.
\w Warning: The directory: '/escnfs/courses/fa24-cse-30342.01/dropbox/nnguye24/VLSI/boyz/lab2_dnoronha' does not exist
\w 	but was defined in libFile '/escnfs/courses/fa24-cse-30342.01/dropbox/dnoronha/VLSI/boyz/cds.lib' for Lib 'lab2_dnoronha_nnguye24'.
\w Warning: The directory: '/escnfs/courses/fa24-cse-30342.01/dropbox/nnguye24/VLSI/boyz/lab1_dnoronha' does not exist
\w 	but was defined in libFile '/escnfs/courses/fa24-cse-30342.01/dropbox/dnoronha/VLSI/boyz/cds.lib' for Lib 'lab1_dnoronha_nnguye24'.
\w Warning: The directory: '/escnfs/courses/fa24-cse-30342.01/dropbox/rortiz4/VLSI/boyz/hw2_rortiz4' does not exist
\w 	but was defined in libFile '/escnfs/courses/fa24-cse-30342.01/dropbox/dnoronha/VLSI/boyz/cds.lib' for Lib 'hw2_rortiz4_rortiz4'.
\w Warning: The directory: '/escnfs/courses/fa24-cse-30342.01/dropbox/rortiz4/VLSI/boyz/lab2_rortiz4' does not exist
\w 	but was defined in libFile '/escnfs/courses/fa24-cse-30342.01/dropbox/dnoronha/VLSI/boyz/cds.lib' for Lib 'lab2_rortiz4_rortiz4'.
\w Warning: The directory: '/escnfs/courses/fa24-cse-30342.01/dropbox/rortiz4/VLSI/boyz/lab1_rortiz4' does not exist
\w 	but was defined in libFile '/escnfs/courses/fa24-cse-30342.01/dropbox/dnoronha/VLSI/boyz/cds.lib' for Lib 'lab1_rortiz4_rortiz4'.
\w Warning: The directory: '/escnfs/courses/fa24-cse-30342.01/dropbox/nnguye24/VLSI/boyz/hw2_rortiz4' does not exist
\w 	but was defined in libFile '/escnfs/courses/fa24-cse-30342.01/dropbox/dnoronha/VLSI/boyz/cds.lib' for Lib 'hw2_rortiz4_nnguye24'.
\w Warning: The directory: '/escnfs/courses/fa24-cse-30342.01/dropbox/nnguye24/VLSI/boyz/lab2_rortiz4' does not exist
\w 	but was defined in libFile '/escnfs/courses/fa24-cse-30342.01/dropbox/dnoronha/VLSI/boyz/cds.lib' for Lib 'lab2_rortiz4_nnguye24'.
\w Warning: The directory: '/escnfs/courses/fa24-cse-30342.01/dropbox/nnguye24/VLSI/boyz/lab1_rortiz4' does not exist
\w 	but was defined in libFile '/escnfs/courses/fa24-cse-30342.01/dropbox/dnoronha/VLSI/boyz/cds.lib' for Lib 'lab1_rortiz4_nnguye24'.
\w Warning: The directory: '/escnfs/courses/fa24-cse-30342.01/dropbox/rortiz4/VLSI/boyz/hw2_nnguye24' does not exist
\w 	but was defined in libFile '/escnfs/courses/fa24-cse-30342.01/dropbox/dnoronha/VLSI/boyz/cds.lib' for Lib 'hw2_nnguye24_rortiz4'.
\w Warning: The directory: '/escnfs/courses/fa24-cse-30342.01/dropbox/rortiz4/VLSI/boyz/lab2_nnguye24' does not exist
\w 	but was defined in libFile '/escnfs/courses/fa24-cse-30342.01/dropbox/dnoronha/VLSI/boyz/cds.lib' for Lib 'lab2_nnguye24_rortiz4'.
\w Warning: The directory: '/escnfs/courses/fa24-cse-30342.01/dropbox/rortiz4/VLSI/boyz/lab1_nnguye24' does not exist
\w 	but was defined in libFile '/escnfs/courses/fa24-cse-30342.01/dropbox/dnoronha/VLSI/boyz/cds.lib' for Lib 'lab1_nnguye24_rortiz4'.
\w Warning: The directory: '/escnfs/courses/fa24-cse-30342.01/dropbox/nnguye24/VLSI/boyz/hw2_nnguye24' does not exist
\w 	but was defined in libFile '/escnfs/courses/fa24-cse-30342.01/dropbox/dnoronha/VLSI/boyz/cds.lib' for Lib 'hw2_nnguye24_nnguye24'.
\w Warning: The directory: '/escnfs/courses/fa24-cse-30342.01/dropbox/nnguye24/VLSI/boyz/lab2_nnguye24' does not exist
\w 	but was defined in libFile '/escnfs/courses/fa24-cse-30342.01/dropbox/dnoronha/VLSI/boyz/cds.lib' for Lib 'lab2_nnguye24_nnguye24'.
\w Warning: The directory: '/escnfs/courses/fa24-cse-30342.01/dropbox/nnguye24/VLSI/boyz/lab1_nnguye24' does not exist
\w 	but was defined in libFile '/escnfs/courses/fa24-cse-30342.01/dropbox/dnoronha/VLSI/boyz/cds.lib' for Lib 'lab1_nnguye24_nnguye24'.
\a cdsLibManager->libListBox->value = "lab4_boyz_dnoronha"
\a cdsLibManager->libLineEdit->value = "lab4_boyz_dnoronha"
\a cdsLibManager->cellListBox->value = "pmos_8l"
\a cdsLibManager->cellLineEdit->value = "pmos_8l"
\a cdsLibManager->viewListBox->value = "schematic"
\a cdsLibManager->viewLineEdit->value = "schematic"
\a cdsLibManager->viewLineEdit->value = ""
\a cdsLibManager->viewListBox->value = nil
\a cdsLibManager->viewListBox->value = "schematic"
\a cdsLibManager->viewLineEdit->value = "schematic"
\a nrSetCurrentWindow(cdsLibManager)
\a nrSetCurrentWindow(cdsLibManager)
\a cdsLibManager->viewListBox->value = "symbol"
\a cdsLibManager->viewLineEdit->value = "symbol"
\a cdsLibManager->viewListBox->value = nil
\a cdsLibManager->viewLineEdit->value = ""
\a cdsLibManager->viewListBox->value = "symbol"
\a cdsLibManager->viewLineEdit->value = "symbol"
\o MPS request: edit design
\a nrListItemAction(cdsLibManager->gdmXTView 3 0)
\a nrSetCurrentWindow(cdsLibManager)
\a nrSetCurrentWindow(cdsLibManager)
\a nrSetCurrentWindow(cdsLibManager)
\a cdsLibManager->viewListBox->value = "extracted"
\a cdsLibManager->viewLineEdit->value = "extracted"
\a nrSetCurrentWindow(cdsLibManager)
\a cdsLibManager->viewListBox->value = nil
\a cdsLibManager->viewLineEdit->value = ""
\a cdsLibManager->viewListBox->value = "extracted"
\a cdsLibManager->viewLineEdit->value = "extracted"
\o MPS request: edit design
\a nrListItemAction(cdsLibManager->gdmXTView 0 0)
\a nrSetCurrentWindow(cdsLibManager)
\a nrSetCurrentWindow(cdsLibManager)
\a nrSetCurrentWindow(cdsLibManager)
\a nrSetCurrentWindow(cdsLibManager)
\a nrSetCurrentWindow(cdsLibManager)
\a nrSetCurrentWindow(cdsLibManager)
\a nrSetCurrentWindow(cdsLibManager)
