@(#)$CDS: LVS version 6.1.7-64b 12/16/2018 07:37 (sjfhw317) $

Command line: /escnfs/home/csesoft/cadence/installs/IC617/tools.lnx86/dfII/bin/64bit/LVS -dir /escnfs/courses/fa24-cse-30342.01/dropbox/dnoronha/VLSI/boyz/LVS.lab3.part1 -l -s -t /escnfs/courses/fa24-cse-30342.01/dropbox/dnoronha/VLSI/boyz/LVS.lab3.part1/layout /escnfs/courses/fa24-cse-30342.01/dropbox/dnoronha/VLSI/boyz/LVS.lab3.part1/schematic
Like matching is enabled.
Net swapping is enabled.
Using terminal names as correspondence points.
Compiling Diva LVS rules...

    Net-list summary for /escnfs/courses/fa24-cse-30342.01/dropbox/dnoronha/VLSI/boyz/LVS.lab3.part1/layout/netlist
       count
        12              nets
        8               terminals
        5               pmos
        5               nmos

    Net-list summary for /escnfs/courses/fa24-cse-30342.01/dropbox/dnoronha/VLSI/boyz/LVS.lab3.part1/schematic/netlist
       count
        12              nets
        8               terminals
        5               pmos
        5               nmos


    Terminal correspondence points
    N9        N2        a
    N8        N3        b
    N7        N7        c
    N6        N13       d
    N4        N6        e
    N5        N0        gnd!
    N10       N1        vdd!
    N11       N12       y

Devices in the rules but not in the netlist:
        cap nfet pfet nmos4 pmos4

The net-lists match.

                             layout  schematic
                                instances
        un-matched              0       0      
        rewired                 0       0      
        size errors             0       0      
        pruned                  0       0      
        active                  10      10     
        total                   10      10     

                                  nets
        un-matched              0       0      
        merged                  0       0      
        pruned                  0       0      
        active                  12      12     
        total                   12      12     

                                terminals
        un-matched              0       0      
        matched but
        different type          0       0      
        total                   8       8      


Probe files from /escnfs/courses/fa24-cse-30342.01/dropbox/dnoronha/VLSI/boyz/LVS.lab3.part1/schematic

devbad.out:

netbad.out:

mergenet.out:

termbad.out:

prunenet.out:

prunedev.out:

audit.out:


Probe files from /escnfs/courses/fa24-cse-30342.01/dropbox/dnoronha/VLSI/boyz/LVS.lab3.part1/layout

devbad.out:

netbad.out:

mergenet.out:

termbad.out:

prunenet.out:

prunedev.out:

audit.out:
